00:50:48 INFO  : Registering command handlers for SDK TCF services
00:50:49 INFO  : Launching XSCT server: xsct.bat -interactive E:\Especializacion_fiuba\MyS\practica_1\sintesis\practica_1\practica_1.sdk\temp_xsdb_launch_script.tcl
00:50:55 INFO  : XSCT server has started successfully.
00:50:55 INFO  : Successfully done setting XSCT server connection channel  
00:51:01 INFO  : Successfully done setting SDK workspace  
00:51:01 INFO  : Processing command line option -hwspec E:/Especializacion_fiuba/MyS/practica_1/sintesis/practica_1/practica_1.sdk/system_wrapper.hdf.
23:37:39 INFO  : Registering command handlers for SDK TCF services
23:37:40 INFO  : Launching XSCT server: xsct.bat -interactive E:\Especializacion_fiuba\MyS\practica_2\sintesis\lab2\lab2\lab2.sdk\temp_xsdb_launch_script.tcl
23:37:47 INFO  : XSCT server has started successfully.
23:37:47 INFO  : Successfully done setting XSCT server connection channel  
23:37:55 INFO  : Successfully done setting SDK workspace  
23:37:55 INFO  : Processing command line option -hwspec E:/Especializacion_fiuba/MyS/practica_2/sintesis/lab2/lab2/lab2.sdk/system_wrapper.hdf.
23:42:33 INFO  : Project 'standalone_bsp_0' created. You can now create BSPs and application projects targeting this hardware platform.
23:47:42 INFO  : Connected to target on host '127.0.0.1' and port '3121'.
23:50:04 INFO  : Connected to target on host 'lseserver.ddns.net' and port '3121'.
23:50:09 INFO  : Connected to target on host 'lseserver.ddns.net' and port '3121'.
00:03:00 INFO  : 'targets -set -filter {jtag_cable_name =~ "Digilent Arty Z7 003017A4C81CA" && level==0} -index 1' command is executed.
00:03:00 INFO  : 'fpga -state' command is executed.
00:03:00 INFO  : Connected to target on host 'lseserver.ddns.net' and port '3121'.
00:03:00 WARN  : SDK version '2018.1' doesn't match hw_server version '2023.2'. Some debug features may not work.
00:03:06 INFO  : Jtag cable 'Digilent Arty Z7 003017A4C81CA' is selected.
00:03:06 INFO  : 'jtag frequency' command is executed.
00:03:06 INFO  : Sourcing of 'E:/Especializacion_fiuba/MyS/practica_2/sintesis/lab2/lab2/lab2.sdk/standalone_bsp_0/ps7_init.tcl' is done.
00:03:06 INFO  : Context for 'APU' is selected.
00:03:07 INFO  : Hardware design information is loaded from 'E:/Especializacion_fiuba/MyS/practica_2/sintesis/lab2/lab2/lab2.sdk/standalone_bsp_0/system.hdf'.
00:03:07 INFO  : 'configparams force-mem-access 1' command is executed.
00:03:07 INFO  : Context for 'APU' is selected.
00:03:07 INFO  : 'stop' command is executed.
00:03:22 INFO  : 'ps7_init' command is executed.
00:03:22 INFO  : 'ps7_post_config' command is executed.
00:03:22 INFO  : Context for processor 'ps7_cortexa9_0' is selected.
00:03:22 INFO  : Processor reset is completed for 'ps7_cortexa9_0'.
00:03:22 INFO  : Context for processor 'ps7_cortexa9_0' is selected.
00:03:22 INFO  : The application 'E:/Especializacion_fiuba/MyS/practica_2/sintesis/lab2/lab2/lab2.sdk/TestApp/Debug/TestApp.elf' is downloaded to processor 'ps7_cortexa9_0'.
00:03:22 INFO  : 'configparams force-mem-access 0' command is executed.
00:03:22 INFO  : ----------------XSDB Script----------------
connect -url tcp:lseserver.ddns.net:3121
source E:/Especializacion_fiuba/MyS/practica_2/sintesis/lab2/lab2/lab2.sdk/standalone_bsp_0/ps7_init.tcl
targets -set -nocase -filter {name =~"APU*" && jtag_cable_name =~ "Digilent Arty Z7 003017A4C8ABA"} -index 0
loadhw -hw E:/Especializacion_fiuba/MyS/practica_2/sintesis/lab2/lab2/lab2.sdk/standalone_bsp_0/system.hdf -mem-ranges [list {0x40000000 0xbfffffff}]
configparams force-mem-access 1
targets -set -nocase -filter {name =~"APU*" && jtag_cable_name =~ "Digilent Arty Z7 003017A4C8ABA"} -index 0
stop
ps7_init
ps7_post_config
targets -set -nocase -filter {name =~ "ARM*#0" && jtag_cable_name =~ "Digilent Arty Z7 003017A4C8ABA"} -index 0
rst -processor
targets -set -nocase -filter {name =~ "ARM*#0" && jtag_cable_name =~ "Digilent Arty Z7 003017A4C8ABA"} -index 0
dow E:/Especializacion_fiuba/MyS/practica_2/sintesis/lab2/lab2/lab2.sdk/TestApp/Debug/TestApp.elf
configparams force-mem-access 0
----------------End of Script----------------

00:03:23 INFO  : Memory regions updated for context APU
00:03:23 INFO  : Context for processor 'ps7_cortexa9_0' is selected.
00:03:23 INFO  : 'con' command is executed.
00:03:23 INFO  : ----------------XSDB Script (After Launch)----------------
targets -set -nocase -filter {name =~ "ARM*#0" && jtag_cable_name =~ "Digilent Arty Z7 003017A4C8ABA"} -index 0
con
----------------End of Script----------------

00:03:23 INFO  : Launch script is exported to file 'E:\Especializacion_fiuba\MyS\practica_2\sintesis\lab2\lab2\lab2.sdk\.sdk\launch_scripts\xilinx_c-c++_application_(system_debugger)\system_debugger_using_debug_testapp.elf_on_local.tcl'
00:03:56 INFO  : Connected to target on host 'lseserver.ddns.net' and port '3121'.
00:04:13 INFO  : Disconnected from the channel tcfchan#2.
00:04:14 INFO  : 'targets -set -filter {jtag_cable_name =~ "Digilent Arty Z7 003017A4C8ABA" && level==0} -index 1' command is executed.
00:04:14 INFO  : 'fpga -state' command is executed.
00:04:14 INFO  : Connected to target on host 'lseserver.ddns.net' and port '3121'.
00:04:14 WARN  : SDK version '2018.1' doesn't match hw_server version '2023.2'. Some debug features may not work.
00:04:19 INFO  : Jtag cable 'Digilent Arty Z7 003017A4C8ABA' is selected.
00:04:19 INFO  : 'jtag frequency' command is executed.
00:04:19 INFO  : Sourcing of 'E:/Especializacion_fiuba/MyS/practica_2/sintesis/lab2/lab2/lab2.sdk/standalone_bsp_0/ps7_init.tcl' is done.
00:04:19 INFO  : Context for 'APU' is selected.
00:04:19 INFO  : Hardware design information is loaded from 'E:/Especializacion_fiuba/MyS/practica_2/sintesis/lab2/lab2/lab2.sdk/standalone_bsp_0/system.hdf'.
00:04:19 INFO  : 'configparams force-mem-access 1' command is executed.
00:04:19 INFO  : Context for 'APU' is selected.
00:04:20 INFO  : 'stop' command is executed.
00:04:31 INFO  : 'ps7_init' command is executed.
00:04:32 INFO  : 'ps7_post_config' command is executed.
00:04:32 INFO  : Context for processor 'ps7_cortexa9_0' is selected.
00:04:32 INFO  : Processor reset is completed for 'ps7_cortexa9_0'.
00:04:32 INFO  : Context for processor 'ps7_cortexa9_0' is selected.
00:04:33 INFO  : The application 'E:/Especializacion_fiuba/MyS/practica_2/sintesis/lab2/lab2/lab2.sdk/TestApp/Debug/TestApp.elf' is downloaded to processor 'ps7_cortexa9_0'.
00:04:33 INFO  : 'configparams force-mem-access 0' command is executed.
00:04:33 INFO  : ----------------XSDB Script----------------
connect -url tcp:lseserver.ddns.net:3121
source E:/Especializacion_fiuba/MyS/practica_2/sintesis/lab2/lab2/lab2.sdk/standalone_bsp_0/ps7_init.tcl
targets -set -nocase -filter {name =~"APU*" && jtag_cable_name =~ "Digilent Arty Z7 003017A4C8ABA"} -index 0
loadhw -hw E:/Especializacion_fiuba/MyS/practica_2/sintesis/lab2/lab2/lab2.sdk/standalone_bsp_0/system.hdf -mem-ranges [list {0x40000000 0xbfffffff}]
configparams force-mem-access 1
targets -set -nocase -filter {name =~"APU*" && jtag_cable_name =~ "Digilent Arty Z7 003017A4C8ABA"} -index 0
stop
ps7_init
ps7_post_config
targets -set -nocase -filter {name =~ "ARM*#0" && jtag_cable_name =~ "Digilent Arty Z7 003017A4C8ABA"} -index 0
rst -processor
targets -set -nocase -filter {name =~ "ARM*#0" && jtag_cable_name =~ "Digilent Arty Z7 003017A4C8ABA"} -index 0
dow E:/Especializacion_fiuba/MyS/practica_2/sintesis/lab2/lab2/lab2.sdk/TestApp/Debug/TestApp.elf
configparams force-mem-access 0
----------------End of Script----------------

00:04:33 INFO  : Memory regions updated for context APU
00:04:33 INFO  : Context for processor 'ps7_cortexa9_0' is selected.
00:04:33 INFO  : 'con' command is executed.
00:04:33 INFO  : ----------------XSDB Script (After Launch)----------------
targets -set -nocase -filter {name =~ "ARM*#0" && jtag_cable_name =~ "Digilent Arty Z7 003017A4C8ABA"} -index 0
con
----------------End of Script----------------

00:04:33 INFO  : Launch script is exported to file 'E:\Especializacion_fiuba\MyS\practica_2\sintesis\lab2\lab2\lab2.sdk\.sdk\launch_scripts\xilinx_c-c++_application_(system_debugger)\system_debugger_using_debug_testapp.elf_on_local.tcl'
00:07:03 INFO  : Connected to target on host 'lseserver.ddns.net' and port '3121'.
00:10:56 INFO  : Connected to target on host 'lseserver.ddns.net' and port '3121'.
00:11:10 INFO  : Disconnected from the channel tcfchan#3.
00:11:12 INFO  : 'targets -set -filter {jtag_cable_name =~ "Digilent Arty Z7 003017A4C8ABA" && level==0} -index 1' command is executed.
00:11:12 INFO  : 'fpga -state' command is executed.
00:11:12 INFO  : Connected to target on host 'lseserver.ddns.net' and port '3121'.
00:11:12 WARN  : SDK version '2018.1' doesn't match hw_server version '2023.2'. Some debug features may not work.
00:11:14 INFO  : Jtag cable 'Digilent Arty Z7 003017A4C8ABA' is selected.
00:11:14 INFO  : 'jtag frequency' command is executed.
00:11:14 INFO  : Sourcing of 'E:/Especializacion_fiuba/MyS/practica_2/sintesis/lab2/lab2/lab2.sdk/standalone_bsp_0/ps7_init.tcl' is done.
00:11:14 INFO  : Context for 'APU' is selected.
00:11:14 INFO  : Hardware design information is loaded from 'E:/Especializacion_fiuba/MyS/practica_2/sintesis/lab2/lab2/lab2.sdk/standalone_bsp_0/system.hdf'.
00:11:15 INFO  : 'configparams force-mem-access 1' command is executed.
00:11:15 INFO  : Context for 'APU' is selected.
00:11:15 INFO  : 'stop' command is executed.
00:11:29 INFO  : 'ps7_init' command is executed.
00:11:30 INFO  : 'ps7_post_config' command is executed.
00:11:30 INFO  : Context for processor 'ps7_cortexa9_0' is selected.
00:11:30 INFO  : Processor reset is completed for 'ps7_cortexa9_0'.
00:11:31 INFO  : Context for processor 'ps7_cortexa9_0' is selected.
00:11:31 INFO  : The application 'E:/Especializacion_fiuba/MyS/practica_2/sintesis/lab2/lab2/lab2.sdk/TestApp/Debug/TestApp.elf' is downloaded to processor 'ps7_cortexa9_0'.
00:11:31 INFO  : 'configparams force-mem-access 0' command is executed.
00:11:31 INFO  : ----------------XSDB Script----------------
connect -url tcp:lseserver.ddns.net:3121
source E:/Especializacion_fiuba/MyS/practica_2/sintesis/lab2/lab2/lab2.sdk/standalone_bsp_0/ps7_init.tcl
targets -set -nocase -filter {name =~"APU*" && jtag_cable_name =~ "Digilent Arty Z7 003017A4C8ABA"} -index 0
loadhw -hw E:/Especializacion_fiuba/MyS/practica_2/sintesis/lab2/lab2/lab2.sdk/standalone_bsp_0/system.hdf -mem-ranges [list {0x40000000 0xbfffffff}]
configparams force-mem-access 1
targets -set -nocase -filter {name =~"APU*" && jtag_cable_name =~ "Digilent Arty Z7 003017A4C8ABA"} -index 0
stop
ps7_init
ps7_post_config
targets -set -nocase -filter {name =~ "ARM*#0" && jtag_cable_name =~ "Digilent Arty Z7 003017A4C8ABA"} -index 0
rst -processor
targets -set -nocase -filter {name =~ "ARM*#0" && jtag_cable_name =~ "Digilent Arty Z7 003017A4C8ABA"} -index 0
dow E:/Especializacion_fiuba/MyS/practica_2/sintesis/lab2/lab2/lab2.sdk/TestApp/Debug/TestApp.elf
configparams force-mem-access 0
----------------End of Script----------------

00:11:31 INFO  : Memory regions updated for context APU
00:11:32 INFO  : Context for processor 'ps7_cortexa9_0' is selected.
00:11:32 INFO  : 'con' command is executed.
00:11:32 INFO  : ----------------XSDB Script (After Launch)----------------
targets -set -nocase -filter {name =~ "ARM*#0" && jtag_cable_name =~ "Digilent Arty Z7 003017A4C8ABA"} -index 0
con
----------------End of Script----------------

00:11:32 INFO  : Launch script is exported to file 'E:\Especializacion_fiuba\MyS\practica_2\sintesis\lab2\lab2\lab2.sdk\.sdk\launch_scripts\xilinx_c-c++_application_(system_debugger)\system_debugger_using_debug_testapp.elf_on_local.tcl'
00:14:59 INFO  : 'targets -set -filter {jtag_cable_name =~ "Digilent Arty Z7 003017A4C81CA" && level==0} -index 1' command is executed.
00:14:59 INFO  : 'fpga -state' command is executed.
00:14:59 INFO  : Connected to target on host 'lseserver.ddns.net' and port '3121'.
00:14:59 WARN  : SDK version '2018.1' doesn't match hw_server version '2023.2'. Some debug features may not work.
00:15:01 INFO  : Jtag cable 'Digilent Arty Z7 003017A4C81CA' is selected.
00:15:01 INFO  : 'jtag frequency' command is executed.
00:15:01 INFO  : Sourcing of 'E:/Especializacion_fiuba/MyS/practica_2/sintesis/lab2/lab2/lab2.sdk/standalone_bsp_0/ps7_init.tcl' is done.
00:15:01 INFO  : Context for 'APU' is selected.
00:15:02 INFO  : Hardware design information is loaded from 'E:/Especializacion_fiuba/MyS/practica_2/sintesis/lab2/lab2/lab2.sdk/standalone_bsp_0/system.hdf'.
00:15:02 INFO  : 'configparams force-mem-access 1' command is executed.
00:15:02 INFO  : Context for 'APU' is selected.
00:15:02 INFO  : 'stop' command is executed.
00:15:17 INFO  : 'ps7_init' command is executed.
00:15:17 INFO  : 'ps7_post_config' command is executed.
00:15:17 INFO  : Context for processor 'ps7_cortexa9_0' is selected.
00:15:17 INFO  : Processor reset is completed for 'ps7_cortexa9_0'.
00:15:17 INFO  : Context for processor 'ps7_cortexa9_0' is selected.
00:15:18 INFO  : The application 'E:/Especializacion_fiuba/MyS/practica_2/sintesis/lab2/lab2/lab2.sdk/TestApp/Debug/TestApp.elf' is downloaded to processor 'ps7_cortexa9_0'.
00:15:18 INFO  : 'configparams force-mem-access 0' command is executed.
00:15:18 INFO  : ----------------XSDB Script----------------
connect -url tcp:lseserver.ddns.net:3121
source E:/Especializacion_fiuba/MyS/practica_2/sintesis/lab2/lab2/lab2.sdk/standalone_bsp_0/ps7_init.tcl
targets -set -nocase -filter {name =~"APU*" && jtag_cable_name =~ "Digilent Arty Z7 003017A4C81CA"} -index 0
loadhw -hw E:/Especializacion_fiuba/MyS/practica_2/sintesis/lab2/lab2/lab2.sdk/standalone_bsp_0/system.hdf -mem-ranges [list {0x40000000 0xbfffffff}]
configparams force-mem-access 1
targets -set -nocase -filter {name =~"APU*" && jtag_cable_name =~ "Digilent Arty Z7 003017A4C81CA"} -index 0
stop
ps7_init
ps7_post_config
targets -set -nocase -filter {name =~ "ARM*#0" && jtag_cable_name =~ "Digilent Arty Z7 003017A4C81CA"} -index 0
rst -processor
targets -set -nocase -filter {name =~ "ARM*#0" && jtag_cable_name =~ "Digilent Arty Z7 003017A4C81CA"} -index 0
dow E:/Especializacion_fiuba/MyS/practica_2/sintesis/lab2/lab2/lab2.sdk/TestApp/Debug/TestApp.elf
configparams force-mem-access 0
----------------End of Script----------------

00:15:18 INFO  : Context for processor 'ps7_cortexa9_0' is selected.
00:15:18 INFO  : 'con' command is executed.
00:15:18 INFO  : ----------------XSDB Script (After Launch)----------------
targets -set -nocase -filter {name =~ "ARM*#0" && jtag_cable_name =~ "Digilent Arty Z7 003017A4C81CA"} -index 0
con
----------------End of Script----------------

00:15:18 INFO  : Disconnected from the channel tcfchan#4.
00:17:34 WARN  : channel "tcfchan#4" closed
00:17:36 INFO  : 'targets -set -filter {jtag_cable_name =~ "Digilent Arty Z7 003017A4C8ABA" && level==0} -index 1' command is executed.
00:17:36 INFO  : 'fpga -state' command is executed.
00:17:36 INFO  : Connected to target on host 'lseserver.ddns.net' and port '3121'.
00:17:36 WARN  : SDK version '2018.1' doesn't match hw_server version '2023.2'. Some debug features may not work.
00:17:38 INFO  : Jtag cable 'Digilent Arty Z7 003017A4C8ABA' is selected.
00:17:38 INFO  : 'jtag frequency' command is executed.
00:17:38 INFO  : Sourcing of 'E:/Especializacion_fiuba/MyS/practica_2/sintesis/lab2/lab2/lab2.sdk/standalone_bsp_0/ps7_init.tcl' is done.
00:17:38 INFO  : Context for 'APU' is selected.
00:17:38 INFO  : Hardware design information is loaded from 'E:/Especializacion_fiuba/MyS/practica_2/sintesis/lab2/lab2/lab2.sdk/standalone_bsp_0/system.hdf'.
00:17:38 INFO  : 'configparams force-mem-access 1' command is executed.
00:17:39 INFO  : Context for 'APU' is selected.
00:17:39 INFO  : 'stop' command is executed.
00:17:52 INFO  : 'ps7_init' command is executed.
00:17:53 INFO  : 'ps7_post_config' command is executed.
00:17:53 INFO  : Context for processor 'ps7_cortexa9_0' is selected.
00:17:53 INFO  : Processor reset is completed for 'ps7_cortexa9_0'.
00:17:53 INFO  : Context for processor 'ps7_cortexa9_0' is selected.
00:17:53 INFO  : The application 'E:/Especializacion_fiuba/MyS/practica_2/sintesis/lab2/lab2/lab2.sdk/TestApp/Debug/TestApp.elf' is downloaded to processor 'ps7_cortexa9_0'.
00:17:53 INFO  : 'configparams force-mem-access 0' command is executed.
00:17:53 INFO  : ----------------XSDB Script----------------
connect -url tcp:lseserver.ddns.net:3121
source E:/Especializacion_fiuba/MyS/practica_2/sintesis/lab2/lab2/lab2.sdk/standalone_bsp_0/ps7_init.tcl
targets -set -nocase -filter {name =~"APU*" && jtag_cable_name =~ "Digilent Arty Z7 003017A4C8ABA"} -index 0
loadhw -hw E:/Especializacion_fiuba/MyS/practica_2/sintesis/lab2/lab2/lab2.sdk/standalone_bsp_0/system.hdf -mem-ranges [list {0x40000000 0xbfffffff}]
configparams force-mem-access 1
targets -set -nocase -filter {name =~"APU*" && jtag_cable_name =~ "Digilent Arty Z7 003017A4C8ABA"} -index 0
stop
ps7_init
ps7_post_config
targets -set -nocase -filter {name =~ "ARM*#0" && jtag_cable_name =~ "Digilent Arty Z7 003017A4C8ABA"} -index 0
rst -processor
targets -set -nocase -filter {name =~ "ARM*#0" && jtag_cable_name =~ "Digilent Arty Z7 003017A4C8ABA"} -index 0
dow E:/Especializacion_fiuba/MyS/practica_2/sintesis/lab2/lab2/lab2.sdk/TestApp/Debug/TestApp.elf
configparams force-mem-access 0
----------------End of Script----------------

00:17:54 INFO  : Memory regions updated for context APU
00:17:54 INFO  : Context for processor 'ps7_cortexa9_0' is selected.
00:17:54 INFO  : 'con' command is executed.
00:17:54 INFO  : ----------------XSDB Script (After Launch)----------------
targets -set -nocase -filter {name =~ "ARM*#0" && jtag_cable_name =~ "Digilent Arty Z7 003017A4C8ABA"} -index 0
con
----------------End of Script----------------

00:17:54 INFO  : Launch script is exported to file 'E:\Especializacion_fiuba\MyS\practica_2\sintesis\lab2\lab2\lab2.sdk\.sdk\launch_scripts\xilinx_c-c++_application_(system_debugger)\system_debugger_using_debug_testapp.elf_on_local.tcl'
00:27:37 INFO  : Disconnected from the channel tcfchan#5.
20:56:41 INFO  : Registering command handlers for SDK TCF services
20:56:42 INFO  : Launching XSCT server: xsct.bat -interactive E:\Especializacion_fiuba\MyS\TP_FINAL\sintesis\TP_FINAL\TP_FINAL.sdk\temp_xsdb_launch_script.tcl
20:56:48 INFO  : XSCT server has started successfully.
20:56:54 INFO  : Successfully done setting XSCT server connection channel  
20:56:54 INFO  : Successfully done setting SDK workspace  
20:56:54 INFO  : Processing command line option -hwspec E:/Especializacion_fiuba/MyS/TP_FINAL/sintesis/TP_FINAL/TP_FINAL.sdk/system_wrapper.hdf.
21:03:29 INFO  : Registering command handlers for SDK TCF services
21:03:29 INFO  : Launching XSCT server: xsct.bat -interactive E:\Especializacion_fiuba\MyS\TP_FINAL\sintesis\TP_FINAL\TP_FINAL.sdk\temp_xsdb_launch_script.tcl
21:03:32 INFO  : XSCT server has started successfully.
21:03:33 INFO  : Successfully done setting XSCT server connection channel  
21:03:33 INFO  : Successfully done setting SDK workspace  
21:03:33 INFO  : Processing command line option -hwspec E:/Especializacion_fiuba/MyS/TP_FINAL/sintesis/TP_FINAL/TP_FINAL.sdk/system_wrapper.hdf.
19:14:03 INFO  : Launching XSCT server: xsct.bat -interactive E:\Especializacion_fiuba\MyS\TP_FINAL\sintesis\TP_FINAL\TP_FINAL.sdk\temp_xsdb_launch_script.tcl
19:14:05 INFO  : XSCT server has started successfully.
19:14:09 INFO  : Successfully done setting XSCT server connection channel  
19:14:09 INFO  : Successfully done setting SDK workspace  
19:14:12 INFO  : Registering command handlers for SDK TCF services
19:14:13 INFO  : Processing command line option -hwspec E:/Especializacion_fiuba/MyS/TP_FINAL/sintesis/TP_FINAL/TP_FINAL.sdk/system_wrapper.hdf.
19:14:13 INFO  : Checking for hwspec changes in the project system_wrapper_hw_platform_3.
19:19:53 INFO  : Launching XSCT server: xsct.bat -interactive E:\Especializacion_fiuba\MyS\TP_FINAL\sintesis\TP_FINAL\TP_FINAL.sdk\temp_xsdb_launch_script.tcl
19:19:55 INFO  : XSCT server has started successfully.
19:19:55 INFO  : Successfully done setting XSCT server connection channel  
19:19:59 INFO  : Successfully done setting SDK workspace  
19:20:02 INFO  : Registering command handlers for SDK TCF services
19:20:03 INFO  : Processing command line option -hwspec E:/Especializacion_fiuba/MyS/TP_FINAL/sintesis/TP_FINAL/TP_FINAL.sdk/system_wrapper.hdf.
19:20:03 INFO  : Checking for hwspec changes in the project system_wrapper_hw_platform_3.
20:15:19 INFO  : 'targets -set -filter {jtag_cable_name =~ "Digilent Arty Z7 003017A4C81CA" && level==0} -index 1' command is executed.
20:15:19 INFO  : 'fpga -state' command is executed.
20:15:19 INFO  : Connected to target on host 'lseserver.ddns.net' and port '3121'.
20:15:19 WARN  : SDK version '2018.1' doesn't match hw_server version '2023.2'. Some debug features may not work.
20:15:25 INFO  : Jtag cable 'Digilent Arty Z7 003017A4C81CA' is selected.
20:15:25 INFO  : 'jtag frequency' command is executed.
20:15:25 INFO  : Sourcing of 'E:/Especializacion_fiuba/MyS/TP_FINAL/sintesis/TP_FINAL/TP_FINAL.sdk/system_wrapper_hw_platform_3/ps7_init.tcl' is done.
20:15:25 INFO  : Context for 'APU' is selected.
20:15:26 INFO  : Hardware design information is loaded from 'E:/Especializacion_fiuba/MyS/TP_FINAL/sintesis/TP_FINAL/TP_FINAL.sdk/system_wrapper_hw_platform_3/system.hdf'.
20:15:26 INFO  : 'configparams force-mem-access 1' command is executed.
20:15:26 INFO  : Context for 'APU' is selected.
20:15:26 INFO  : 'stop' command is executed.
20:15:40 INFO  : 'ps7_init' command is executed.
20:15:40 INFO  : 'ps7_post_config' command is executed.
20:15:40 INFO  : Context for processor 'ps7_cortexa9_0' is selected.
20:15:41 INFO  : Processor reset is completed for 'ps7_cortexa9_0'.
20:15:41 INFO  : Context for processor 'ps7_cortexa9_0' is selected.
20:15:41 INFO  : The application 'E:/Especializacion_fiuba/MyS/TP_FINAL/sintesis/TP_FINAL/TP_FINAL.sdk/trabajo_final_v1/Debug/trabajo_final_v1.elf' is downloaded to processor 'ps7_cortexa9_0'.
20:15:41 INFO  : 'configparams force-mem-access 0' command is executed.
20:15:41 INFO  : ----------------XSDB Script----------------
connect -url tcp:lseserver.ddns.net:3121
source E:/Especializacion_fiuba/MyS/TP_FINAL/sintesis/TP_FINAL/TP_FINAL.sdk/system_wrapper_hw_platform_3/ps7_init.tcl
targets -set -nocase -filter {name =~"APU*" && jtag_cable_name =~ "Digilent Arty Z7 003017A4C81CA"} -index 0
loadhw -hw E:/Especializacion_fiuba/MyS/TP_FINAL/sintesis/TP_FINAL/TP_FINAL.sdk/system_wrapper_hw_platform_3/system.hdf -mem-ranges [list {0x40000000 0xbfffffff}]
configparams force-mem-access 1
targets -set -nocase -filter {name =~"APU*" && jtag_cable_name =~ "Digilent Arty Z7 003017A4C81CA"} -index 0
stop
ps7_init
ps7_post_config
targets -set -nocase -filter {name =~ "ARM*#0" && jtag_cable_name =~ "Digilent Arty Z7 003017A4C81CA"} -index 0
rst -processor
targets -set -nocase -filter {name =~ "ARM*#0" && jtag_cable_name =~ "Digilent Arty Z7 003017A4C81CA"} -index 0
dow E:/Especializacion_fiuba/MyS/TP_FINAL/sintesis/TP_FINAL/TP_FINAL.sdk/trabajo_final_v1/Debug/trabajo_final_v1.elf
configparams force-mem-access 0
----------------End of Script----------------

20:15:41 INFO  : Context for processor 'ps7_cortexa9_0' is selected.
20:15:41 INFO  : 'con' command is executed.
20:15:41 INFO  : ----------------XSDB Script (After Launch)----------------
targets -set -nocase -filter {name =~ "ARM*#0" && jtag_cable_name =~ "Digilent Arty Z7 003017A4C81CA"} -index 0
con
----------------End of Script----------------

20:15:41 INFO  : Disconnected from the channel tcfchan#2.
20:26:14 INFO  : Connected to target on host 'lseserver.ddns.net' and port '3121'.
20:26:26 INFO  : Connected to target on host 'lseserver.ddns.net' and port '3121'.
20:26:40 INFO  : 'targets -set -filter {jtag_cable_name =~ "Digilent Arty Z7 003017A4C8ABA" && level==0} -index 1' command is executed.
20:26:40 INFO  : 'fpga -state' command is executed.
20:26:40 INFO  : Connected to target on host 'lseserver.ddns.net' and port '3121'.
20:26:40 WARN  : SDK version '2018.1' doesn't match hw_server version '2023.2'. Some debug features may not work.
20:26:42 INFO  : Jtag cable 'Digilent Arty Z7 003017A4C8ABA' is selected.
20:26:42 INFO  : 'jtag frequency' command is executed.
20:26:42 INFO  : Sourcing of 'E:/Especializacion_fiuba/MyS/TP_FINAL/sintesis/TP_FINAL/TP_FINAL.sdk/system_wrapper_hw_platform_3/ps7_init.tcl' is done.
20:26:43 INFO  : Context for 'APU' is selected.
20:26:43 INFO  : Hardware design information is loaded from 'E:/Especializacion_fiuba/MyS/TP_FINAL/sintesis/TP_FINAL/TP_FINAL.sdk/system_wrapper_hw_platform_3/system.hdf'.
20:26:43 INFO  : 'configparams force-mem-access 1' command is executed.
20:26:43 INFO  : Context for 'APU' is selected.
20:26:43 INFO  : 'stop' command is executed.
20:27:00 INFO  : 'ps7_init' command is executed.
20:27:00 INFO  : 'ps7_post_config' command is executed.
20:27:00 INFO  : Context for processor 'ps7_cortexa9_0' is selected.
20:27:01 INFO  : Processor reset is completed for 'ps7_cortexa9_0'.
20:27:01 INFO  : Context for processor 'ps7_cortexa9_0' is selected.
20:27:01 INFO  : The application 'E:/Especializacion_fiuba/MyS/TP_FINAL/sintesis/TP_FINAL/TP_FINAL.sdk/trabajo_final_v1/Debug/trabajo_final_v1.elf' is downloaded to processor 'ps7_cortexa9_0'.
20:27:01 INFO  : 'configparams force-mem-access 0' command is executed.
20:27:01 INFO  : ----------------XSDB Script----------------
connect -url tcp:lseserver.ddns.net:3121
source E:/Especializacion_fiuba/MyS/TP_FINAL/sintesis/TP_FINAL/TP_FINAL.sdk/system_wrapper_hw_platform_3/ps7_init.tcl
targets -set -nocase -filter {name =~"APU*" && jtag_cable_name =~ "Digilent Arty Z7 003017A4C8ABA"} -index 0
loadhw -hw E:/Especializacion_fiuba/MyS/TP_FINAL/sintesis/TP_FINAL/TP_FINAL.sdk/system_wrapper_hw_platform_3/system.hdf -mem-ranges [list {0x40000000 0xbfffffff}]
configparams force-mem-access 1
targets -set -nocase -filter {name =~"APU*" && jtag_cable_name =~ "Digilent Arty Z7 003017A4C8ABA"} -index 0
stop
ps7_init
ps7_post_config
targets -set -nocase -filter {name =~ "ARM*#0" && jtag_cable_name =~ "Digilent Arty Z7 003017A4C8ABA"} -index 0
rst -processor
targets -set -nocase -filter {name =~ "ARM*#0" && jtag_cable_name =~ "Digilent Arty Z7 003017A4C8ABA"} -index 0
dow E:/Especializacion_fiuba/MyS/TP_FINAL/sintesis/TP_FINAL/TP_FINAL.sdk/trabajo_final_v1/Debug/trabajo_final_v1.elf
configparams force-mem-access 0
----------------End of Script----------------

20:27:02 INFO  : Memory regions updated for context APU
20:27:02 INFO  : Context for processor 'ps7_cortexa9_0' is selected.
20:27:02 INFO  : 'con' command is executed.
20:27:02 INFO  : ----------------XSDB Script (After Launch)----------------
targets -set -nocase -filter {name =~ "ARM*#0" && jtag_cable_name =~ "Digilent Arty Z7 003017A4C8ABA"} -index 0
con
----------------End of Script----------------

20:27:02 INFO  : Launch script is exported to file 'E:\Especializacion_fiuba\MyS\TP_FINAL\sintesis\TP_FINAL\TP_FINAL.sdk\.sdk\launch_scripts\xilinx_c-c++_application_(system_debugger)\system_debugger_using_debug_trabajo_final_v1.elf_on_local.tcl'
20:43:17 INFO  : Disconnected from the channel tcfchan#3.
20:43:19 INFO  : 'targets -set -filter {jtag_cable_name =~ "Digilent Arty Z7 003017A4C8ABA" && level==0} -index 1' command is executed.
20:43:19 INFO  : 'fpga -state' command is executed.
20:43:19 INFO  : Connected to target on host 'lseserver.ddns.net' and port '3121'.
20:43:19 WARN  : SDK version '2018.1' doesn't match hw_server version '2023.2'. Some debug features may not work.
20:43:21 INFO  : Jtag cable 'Digilent Arty Z7 003017A4C8ABA' is selected.
20:43:21 INFO  : 'jtag frequency' command is executed.
20:43:21 INFO  : Sourcing of 'E:/Especializacion_fiuba/MyS/TP_FINAL/sintesis/TP_FINAL/TP_FINAL.sdk/system_wrapper_hw_platform_3/ps7_init.tcl' is done.
20:43:21 INFO  : Context for 'APU' is selected.
20:43:24 INFO  : Hardware design information is loaded from 'E:/Especializacion_fiuba/MyS/TP_FINAL/sintesis/TP_FINAL/TP_FINAL.sdk/system_wrapper_hw_platform_3/system.hdf'.
20:43:24 INFO  : 'configparams force-mem-access 1' command is executed.
20:43:24 INFO  : Context for 'APU' is selected.
20:43:24 INFO  : 'stop' command is executed.
20:43:38 INFO  : 'ps7_init' command is executed.
20:43:38 INFO  : 'ps7_post_config' command is executed.
20:43:38 INFO  : Context for processor 'ps7_cortexa9_0' is selected.
20:43:39 INFO  : Processor reset is completed for 'ps7_cortexa9_0'.
20:43:39 INFO  : Context for processor 'ps7_cortexa9_0' is selected.
20:43:39 INFO  : The application 'E:/Especializacion_fiuba/MyS/TP_FINAL/sintesis/TP_FINAL/TP_FINAL.sdk/trabajo_final_v1/Debug/trabajo_final_v1.elf' is downloaded to processor 'ps7_cortexa9_0'.
20:43:39 INFO  : 'configparams force-mem-access 0' command is executed.
20:43:39 INFO  : ----------------XSDB Script----------------
connect -url tcp:lseserver.ddns.net:3121
source E:/Especializacion_fiuba/MyS/TP_FINAL/sintesis/TP_FINAL/TP_FINAL.sdk/system_wrapper_hw_platform_3/ps7_init.tcl
targets -set -nocase -filter {name =~"APU*" && jtag_cable_name =~ "Digilent Arty Z7 003017A4C8ABA"} -index 0
loadhw -hw E:/Especializacion_fiuba/MyS/TP_FINAL/sintesis/TP_FINAL/TP_FINAL.sdk/system_wrapper_hw_platform_3/system.hdf -mem-ranges [list {0x40000000 0xbfffffff}]
configparams force-mem-access 1
targets -set -nocase -filter {name =~"APU*" && jtag_cable_name =~ "Digilent Arty Z7 003017A4C8ABA"} -index 0
stop
ps7_init
ps7_post_config
targets -set -nocase -filter {name =~ "ARM*#0" && jtag_cable_name =~ "Digilent Arty Z7 003017A4C8ABA"} -index 0
rst -processor
targets -set -nocase -filter {name =~ "ARM*#0" && jtag_cable_name =~ "Digilent Arty Z7 003017A4C8ABA"} -index 0
dow E:/Especializacion_fiuba/MyS/TP_FINAL/sintesis/TP_FINAL/TP_FINAL.sdk/trabajo_final_v1/Debug/trabajo_final_v1.elf
configparams force-mem-access 0
----------------End of Script----------------

20:43:40 INFO  : Memory regions updated for context APU
20:43:40 INFO  : Context for processor 'ps7_cortexa9_0' is selected.
20:43:40 INFO  : 'con' command is executed.
20:43:40 INFO  : ----------------XSDB Script (After Launch)----------------
targets -set -nocase -filter {name =~ "ARM*#0" && jtag_cable_name =~ "Digilent Arty Z7 003017A4C8ABA"} -index 0
con
----------------End of Script----------------

20:43:40 INFO  : Launch script is exported to file 'E:\Especializacion_fiuba\MyS\TP_FINAL\sintesis\TP_FINAL\TP_FINAL.sdk\.sdk\launch_scripts\xilinx_c-c++_application_(system_debugger)\system_debugger_using_debug_trabajo_final_v1.elf_on_local.tcl'
20:52:50 INFO  : Disconnected from the channel tcfchan#4.
20:52:52 INFO  : 'targets -set -filter {jtag_cable_name =~ "Digilent Arty Z7 003017A4C8ABA" && level==0} -index 1' command is executed.
20:52:52 INFO  : 'fpga -state' command is executed.
20:52:52 INFO  : Connected to target on host 'lseserver.ddns.net' and port '3121'.
20:52:52 WARN  : SDK version '2018.1' doesn't match hw_server version '2023.2'. Some debug features may not work.
20:52:54 INFO  : Jtag cable 'Digilent Arty Z7 003017A4C8ABA' is selected.
20:52:54 INFO  : 'jtag frequency' command is executed.
20:52:54 INFO  : Sourcing of 'E:/Especializacion_fiuba/MyS/TP_FINAL/sintesis/TP_FINAL/TP_FINAL.sdk/system_wrapper_hw_platform_3/ps7_init.tcl' is done.
20:52:54 INFO  : Context for 'APU' is selected.
20:52:57 INFO  : Hardware design information is loaded from 'E:/Especializacion_fiuba/MyS/TP_FINAL/sintesis/TP_FINAL/TP_FINAL.sdk/system_wrapper_hw_platform_3/system.hdf'.
20:52:57 INFO  : 'configparams force-mem-access 1' command is executed.
20:52:57 INFO  : Context for 'APU' is selected.
20:52:57 INFO  : 'stop' command is executed.
20:53:10 INFO  : 'ps7_init' command is executed.
20:53:10 INFO  : 'ps7_post_config' command is executed.
20:53:10 INFO  : Context for processor 'ps7_cortexa9_0' is selected.
20:53:10 INFO  : Processor reset is completed for 'ps7_cortexa9_0'.
20:53:11 INFO  : Context for processor 'ps7_cortexa9_0' is selected.
20:53:11 INFO  : The application 'E:/Especializacion_fiuba/MyS/TP_FINAL/sintesis/TP_FINAL/TP_FINAL.sdk/trabajo_final_v1/Debug/trabajo_final_v1.elf' is downloaded to processor 'ps7_cortexa9_0'.
20:53:11 INFO  : 'configparams force-mem-access 0' command is executed.
20:53:11 INFO  : ----------------XSDB Script----------------
connect -url tcp:lseserver.ddns.net:3121
source E:/Especializacion_fiuba/MyS/TP_FINAL/sintesis/TP_FINAL/TP_FINAL.sdk/system_wrapper_hw_platform_3/ps7_init.tcl
targets -set -nocase -filter {name =~"APU*" && jtag_cable_name =~ "Digilent Arty Z7 003017A4C8ABA"} -index 0
loadhw -hw E:/Especializacion_fiuba/MyS/TP_FINAL/sintesis/TP_FINAL/TP_FINAL.sdk/system_wrapper_hw_platform_3/system.hdf -mem-ranges [list {0x40000000 0xbfffffff}]
configparams force-mem-access 1
targets -set -nocase -filter {name =~"APU*" && jtag_cable_name =~ "Digilent Arty Z7 003017A4C8ABA"} -index 0
stop
ps7_init
ps7_post_config
targets -set -nocase -filter {name =~ "ARM*#0" && jtag_cable_name =~ "Digilent Arty Z7 003017A4C8ABA"} -index 0
rst -processor
targets -set -nocase -filter {name =~ "ARM*#0" && jtag_cable_name =~ "Digilent Arty Z7 003017A4C8ABA"} -index 0
dow E:/Especializacion_fiuba/MyS/TP_FINAL/sintesis/TP_FINAL/TP_FINAL.sdk/trabajo_final_v1/Debug/trabajo_final_v1.elf
configparams force-mem-access 0
----------------End of Script----------------

20:53:11 INFO  : Memory regions updated for context APU
20:53:12 INFO  : Context for processor 'ps7_cortexa9_0' is selected.
20:53:12 INFO  : 'con' command is executed.
20:53:12 INFO  : ----------------XSDB Script (After Launch)----------------
targets -set -nocase -filter {name =~ "ARM*#0" && jtag_cable_name =~ "Digilent Arty Z7 003017A4C8ABA"} -index 0
con
----------------End of Script----------------

20:53:12 INFO  : Launch script is exported to file 'E:\Especializacion_fiuba\MyS\TP_FINAL\sintesis\TP_FINAL\TP_FINAL.sdk\.sdk\launch_scripts\xilinx_c-c++_application_(system_debugger)\system_debugger_using_debug_trabajo_final_v1.elf_on_local.tcl'
21:16:15 INFO  : Disconnected from the channel tcfchan#5.
