#-----------------------------------------------------------
# Webtalk v2018.1 (64-bit)
# SW Build 2188600 on Wed Apr  4 18:40:38 MDT 2018
# 
# Start of session at: Mon Jun 16 21:02:58 2025
# Process ID: 18552
# Current directory: E:/Especializacion_fiuba/MyS/TP_FINAL/sintesis/TP_FINAL/TP_FINAL.sdk/webtalk
# Command line: wbtcv.exe -mode batch -source sdk_webtalk.tcl
# Log file: E:/Especializacion_fiuba/MyS/TP_FINAL/sintesis/TP_FINAL/TP_FINAL.sdk/webtalk/webtalk.log
# Journal file: E:/Especializacion_fiuba/MyS/TP_FINAL/sintesis/TP_FINAL/TP_FINAL.sdk/webtalk\webtalk.jou
#-----------------------------------------------------------
source sdk_webtalk.tcl
# webtalk_init -webtalk_dir E:\\Especializacion_fiuba\\MyS\\TP_FINAL\\sintesis\\TP_FINAL\\TP_FINAL.sdk\\webtalk
# webtalk_register_client -client project
# webtalk_add_data -client project -key date_generated -value "2025-06-16 21:02:55" -context "software_version_and_target_device"
# webtalk_add_data -client project -key product_version -value "SDK v2018.1" -context "software_version_and_target_device"
# webtalk_add_data -client project -key build_version -value "2018.1" -context "software_version_and_target_device"
# webtalk_add_data -client project -key os_platform -value "amd64" -context "software_version_and_target_device"
# webtalk_add_data -client project -key registration_id -value "" -context "software_version_and_target_device"
# webtalk_add_data -client project -key tool_flow -value "SDK" -context "software_version_and_target_device"
# webtalk_add_data -client project -key beta -value "false" -context "software_version_and_target_device"
# webtalk_add_data -client project -key route_design -value "NA" -context "software_version_and_target_device"
# webtalk_add_data -client project -key target_family -value "NA" -context "software_version_and_target_device"
# webtalk_add_data -client project -key target_device -value "NA" -context "software_version_and_target_device"
# webtalk_add_data -client project -key target_package -value "NA" -context "software_version_and_target_device"
# webtalk_add_data -client project -key target_speed -value "NA" -context "software_version_and_target_device"
# webtalk_add_data -client project -key random_id -value "7g67ogt8l7gndush0tgn8cesra" -context "software_version_and_target_device"
# webtalk_add_data -client project -key project_id -value "2018.1_3" -context "software_version_and_target_device"
# webtalk_add_data -client project -key project_iteration -value "3" -context "software_version_and_target_device"
# webtalk_add_data -client project -key os_name -value "Microsoft Windows 8 or later , 64-bit" -context "user_environment"
# webtalk_add_data -client project -key os_release -value "major release  (build 9200)" -context "user_environment"
# webtalk_add_data -client project -key cpu_name -value "AMD Ryzen 5 3450U with Radeon Vega Mobile Gfx  " -context "user_environment"
# webtalk_add_data -client project -key cpu_speed -value "2100 MHz" -context "user_environment"
# webtalk_add_data -client project -key total_processors -value "1" -context "user_environment"
# webtalk_add_data -client project -key system_ram -value "14.913 GB" -context "user_environment"
# webtalk_register_client -client sdk
# webtalk_add_data -client sdk -key uid -value "1750118255539" -context "sdk\\\\hardware/1750118255539"
# webtalk_add_data -client sdk -key isZynq -value "true" -context "sdk\\\\hardware/1750118255539"
# webtalk_add_data -client sdk -key isZynqMP -value "false" -context "sdk\\\\hardware/1750118255539"
# webtalk_add_data -client sdk -key Processors -value "2" -context "sdk\\\\hardware/1750118255539"
# webtalk_add_data -client sdk -key VivadoVersion -value "2018.1" -context "sdk\\\\hardware/1750118255539"
# webtalk_add_data -client sdk -key Arch -value "zynq" -context "sdk\\\\hardware/1750118255539"
# webtalk_add_data -client sdk -key Device -value "7z010" -context "sdk\\\\hardware/1750118255539"
# webtalk_add_data -client sdk -key IsHandoff -value "true" -context "sdk\\\\hardware/1750118255539"
# webtalk_add_data -client sdk -key os -value "NA" -context "sdk\\\\hardware/1750118255539"
# webtalk_add_data -client sdk -key apptemplate -value "NA" -context "sdk\\\\hardware/1750118255539"
# webtalk_add_data -client sdk -key RecordType -value "HWCreation" -context "sdk\\\\hardware/1750118255539"
# webtalk_add_data -client sdk -key uid -value "1750118389226" -context "sdk\\\\bsp/1750118389226"
# webtalk_add_data -client sdk -key hwid -value "1749004953459" -context "sdk\\\\bsp/1750118389226"
# webtalk_add_data -client sdk -key os -value "standalone" -context "sdk\\\\bsp/1750118389226"
# webtalk_add_data -client sdk -key apptemplate -value "null" -context "sdk\\\\bsp/1750118389226"
# webtalk_add_data -client sdk -key RecordType -value "BSPCreation" -context "sdk\\\\bsp/1750118389226"
# webtalk_add_data -client sdk -key uid -value "1750118488013" -context "sdk\\\\bsp/1750118488013"
# webtalk_add_data -client sdk -key hwid -value "1749004953459" -context "sdk\\\\bsp/1750118488013"
# webtalk_add_data -client sdk -key os -value "standalone" -context "sdk\\\\bsp/1750118488013"
# webtalk_add_data -client sdk -key apptemplate -value "null" -context "sdk\\\\bsp/1750118488013"
# webtalk_add_data -client sdk -key RecordType -value "BSPCreation" -context "sdk\\\\bsp/1750118488013"
# webtalk_add_data -client sdk -key uid -value "NA" -context "sdk\\\\bsp/1750118575214"
# webtalk_add_data -client sdk -key RecordType -value "ToolUsage" -context "sdk\\\\bsp/1750118575214"
# webtalk_add_data -client sdk -key BootgenCount -value "0" -context "sdk\\\\bsp/1750118575214"
# webtalk_add_data -client sdk -key DebugCount -value "0" -context "sdk\\\\bsp/1750118575214"
# webtalk_add_data -client sdk -key PerfCount -value "0" -context "sdk\\\\bsp/1750118575214"
# webtalk_add_data -client sdk -key FlashCount -value "0" -context "sdk\\\\bsp/1750118575214"
# webtalk_add_data -client sdk -key CrossTriggCount -value "0" -context "sdk\\\\bsp/1750118575214"
# webtalk_add_data -client sdk -key QemuDebugCount -value "0" -context "sdk\\\\bsp/1750118575214"
# webtalk_transmit -clientid 2616998000 -regid "" -xml E:\\Especializacion_fiuba\\MyS\\TP_FINAL\\sintesis\\TP_FINAL\\TP_FINAL.sdk\\webtalk\\usage_statistics_ext_sdk.xml -html E:\\Especializacion_fiuba\\MyS\\TP_FINAL\\sintesis\\TP_FINAL\\TP_FINAL.sdk\\webtalk\\usage_statistics_ext_sdk.html -wdm E:\\Especializacion_fiuba\\MyS\\TP_FINAL\\sintesis\\TP_FINAL\\TP_FINAL.sdk\\webtalk\\sdk_webtalk.wdm -intro "<H3>SDK Usage Report</H3><BR>"
# webtalk_terminate
INFO: [Common 17-206] Exiting Webtalk at Mon Jun 16 21:03:01 2025...
