#-----------------------------------------------------------
# Webtalk v2018.1 (64-bit)
# SW Build 2188600 on Wed Apr  4 18:40:38 MDT 2018
# 
# Start of session at: Wed Jun  4 00:27:39 2025
# Process ID: 9224
# Current directory: E:/Especializacion_fiuba/MyS/practica_2/sintesis/lab2/lab2/lab2.sdk/webtalk
# Command line: wbtcv.exe -mode batch -source sdk_webtalk.tcl
# Log file: E:/Especializacion_fiuba/MyS/practica_2/sintesis/lab2/lab2/lab2.sdk/webtalk/webtalk.log
# Journal file: E:/Especializacion_fiuba/MyS/practica_2/sintesis/lab2/lab2/lab2.sdk/webtalk\webtalk.jou
#-----------------------------------------------------------
source sdk_webtalk.tcl
# webtalk_init -webtalk_dir E:\\Especializacion_fiuba\\MyS\\practica_2\\sintesis\\lab2\\lab2\\lab2.sdk\\webtalk
# webtalk_register_client -client project
# webtalk_add_data -client project -key date_generated -value "2025-06-04 00:27:37" -context "software_version_and_target_device"
# webtalk_add_data -client project -key product_version -value "SDK v2018.1" -context "software_version_and_target_device"
# webtalk_add_data -client project -key build_version -value "2018.1" -context "software_version_and_target_device"
# webtalk_add_data -client project -key os_platform -value "amd64" -context "software_version_and_target_device"
# webtalk_add_data -client project -key registration_id -value "" -context "software_version_and_target_device"
# webtalk_add_data -client project -key tool_flow -value "SDK" -context "software_version_and_target_device"
# webtalk_add_data -client project -key beta -value "false" -context "software_version_and_target_device"
# webtalk_add_data -client project -key route_design -value "NA" -context "software_version_and_target_device"
# webtalk_add_data -client project -key target_family -value "NA" -context "software_version_and_target_device"
# webtalk_add_data -client project -key target_device -value "NA" -context "software_version_and_target_device"
# webtalk_add_data -client project -key target_package -value "NA" -context "software_version_and_target_device"
# webtalk_add_data -client project -key target_speed -value "NA" -context "software_version_and_target_device"
# webtalk_add_data -client project -key random_id -value "duue8g17s3ojop7v365agah5lb" -context "software_version_and_target_device"
# webtalk_add_data -client project -key project_id -value "2018.1_2" -context "software_version_and_target_device"
# webtalk_add_data -client project -key project_iteration -value "2" -context "software_version_and_target_device"
# webtalk_add_data -client project -key os_name -value "Microsoft Windows 8 or later , 64-bit" -context "user_environment"
# webtalk_add_data -client project -key os_release -value "major release  (build 9200)" -context "user_environment"
# webtalk_add_data -client project -key cpu_name -value "AMD Ryzen 5 3450U with Radeon Vega Mobile Gfx  " -context "user_environment"
# webtalk_add_data -client project -key cpu_speed -value "2100 MHz" -context "user_environment"
# webtalk_add_data -client project -key total_processors -value "1" -context "user_environment"
# webtalk_add_data -client project -key system_ram -value "14.913 GB" -context "user_environment"
# webtalk_register_client -client sdk
# webtalk_add_data -client sdk -key uid -value "1749004719297" -context "sdk\\\\hardware/1749004719297"
# webtalk_add_data -client sdk -key isZynq -value "true" -context "sdk\\\\hardware/1749004719297"
# webtalk_add_data -client sdk -key isZynqMP -value "false" -context "sdk\\\\hardware/1749004719297"
# webtalk_add_data -client sdk -key Processors -value "2" -context "sdk\\\\hardware/1749004719297"
# webtalk_add_data -client sdk -key VivadoVersion -value "2018.1" -context "sdk\\\\hardware/1749004719297"
# webtalk_add_data -client sdk -key Arch -value "zynq" -context "sdk\\\\hardware/1749004719297"
# webtalk_add_data -client sdk -key Device -value "7z010" -context "sdk\\\\hardware/1749004719297"
# webtalk_add_data -client sdk -key IsHandoff -value "true" -context "sdk\\\\hardware/1749004719297"
# webtalk_add_data -client sdk -key os -value "NA" -context "sdk\\\\hardware/1749004719297"
# webtalk_add_data -client sdk -key apptemplate -value "NA" -context "sdk\\\\hardware/1749004719297"
# webtalk_add_data -client sdk -key RecordType -value "HWCreation" -context "sdk\\\\hardware/1749004719297"
# webtalk_add_data -client sdk -key uid -value "1749004953459" -context "sdk\\\\hardware/1749004953459"
# webtalk_add_data -client sdk -key isZynq -value "true" -context "sdk\\\\hardware/1749004953459"
# webtalk_add_data -client sdk -key isZynqMP -value "false" -context "sdk\\\\hardware/1749004953459"
# webtalk_add_data -client sdk -key Processors -value "2" -context "sdk\\\\hardware/1749004953459"
# webtalk_add_data -client sdk -key VivadoVersion -value "2018.1" -context "sdk\\\\hardware/1749004953459"
# webtalk_add_data -client sdk -key Arch -value "zynq" -context "sdk\\\\hardware/1749004953459"
# webtalk_add_data -client sdk -key Device -value "7z010" -context "sdk\\\\hardware/1749004953459"
# webtalk_add_data -client sdk -key IsHandoff -value "true" -context "sdk\\\\hardware/1749004953459"
# webtalk_add_data -client sdk -key os -value "NA" -context "sdk\\\\hardware/1749004953459"
# webtalk_add_data -client sdk -key apptemplate -value "NA" -context "sdk\\\\hardware/1749004953459"
# webtalk_add_data -client sdk -key RecordType -value "HWCreation" -context "sdk\\\\hardware/1749004953459"
# webtalk_add_data -client sdk -key uid -value "1749004994469" -context "sdk\\\\bsp/1749004994469"
# webtalk_add_data -client sdk -key hwid -value "1749004953459" -context "sdk\\\\bsp/1749004994469"
# webtalk_add_data -client sdk -key os -value "standalone" -context "sdk\\\\bsp/1749004994469"
# webtalk_add_data -client sdk -key apptemplate -value "null" -context "sdk\\\\bsp/1749004994469"
# webtalk_add_data -client sdk -key RecordType -value "BSPCreation" -context "sdk\\\\bsp/1749004994469"
# webtalk_add_data -client sdk -key uid -value "1749005080471" -context "sdk\\\\bsp/1749005080471"
# webtalk_add_data -client sdk -key hwid -value "1749004953459" -context "sdk\\\\bsp/1749005080471"
# webtalk_add_data -client sdk -key os -value "standalone" -context "sdk\\\\bsp/1749005080471"
# webtalk_add_data -client sdk -key apptemplate -value "empty_application" -context "sdk\\\\bsp/1749005080471"
# webtalk_add_data -client sdk -key RecordType -value "BSPCreation" -context "sdk\\\\bsp/1749005080471"
# webtalk_add_data -client sdk -key uid -value "1749005082721" -context "sdk\\\\application/1749005082721"
# webtalk_add_data -client sdk -key hwid -value "1749004953459" -context "sdk\\\\application/1749005082721"
# webtalk_add_data -client sdk -key bspid -value "1749005080471" -context "sdk\\\\application/1749005082721"
# webtalk_add_data -client sdk -key newbsp -value "true" -context "sdk\\\\application/1749005082721"
# webtalk_add_data -client sdk -key os -value "standalone" -context "sdk\\\\application/1749005082721"
# webtalk_add_data -client sdk -key apptemplate -value "empty_application" -context "sdk\\\\application/1749005082721"
# webtalk_add_data -client sdk -key RecordType -value "APPCreation" -context "sdk\\\\application/1749005082721"
# webtalk_add_data -client sdk -key LangUsed -value "C" -context "sdk\\\\application/1749005082721"
# webtalk_add_data -client sdk -key Procused -value "ps7_cortexa9" -context "sdk\\\\application/1749005082721"
# webtalk_add_data -client sdk -key projSize -value "243.97265625" -context "sdk\\\\application/1749005082721"
# webtalk_add_data -client sdk -key uid -value "NA" -context "sdk\\\\bsp/1749007657282"
# webtalk_add_data -client sdk -key RecordType -value "ToolUsage" -context "sdk\\\\bsp/1749007657282"
# webtalk_add_data -client sdk -key BootgenCount -value "0" -context "sdk\\\\bsp/1749007657282"
# webtalk_add_data -client sdk -key DebugCount -value "4" -context "sdk\\\\bsp/1749007657282"
# webtalk_add_data -client sdk -key PerfCount -value "0" -context "sdk\\\\bsp/1749007657282"
# webtalk_add_data -client sdk -key FlashCount -value "0" -context "sdk\\\\bsp/1749007657282"
# webtalk_add_data -client sdk -key CrossTriggCount -value "0" -context "sdk\\\\bsp/1749007657282"
# webtalk_add_data -client sdk -key QemuDebugCount -value "0" -context "sdk\\\\bsp/1749007657282"
# webtalk_transmit -clientid 1155010915 -regid "" -xml E:\\Especializacion_fiuba\\MyS\\practica_2\\sintesis\\lab2\\lab2\\lab2.sdk\\webtalk\\usage_statistics_ext_sdk.xml -html E:\\Especializacion_fiuba\\MyS\\practica_2\\sintesis\\lab2\\lab2\\lab2.sdk\\webtalk\\usage_statistics_ext_sdk.html -wdm E:\\Especializacion_fiuba\\MyS\\practica_2\\sintesis\\lab2\\lab2\\lab2.sdk\\webtalk\\sdk_webtalk.wdm -intro "<H3>SDK Usage Report</H3><BR>"
# webtalk_terminate
INFO: [Common 17-206] Exiting Webtalk at Wed Jun  4 00:27:47 2025...
